[54515:MainThread](2026-03-30 15:46:39,668) INFO - qlib.qrun - [run.py:78] - Render the template with the context: {}
[54515:MainThread](2026-03-30 15:46:39,680) INFO - qlib.Initialization - [config.py:453] - default_conf: client.
[54515:MainThread](2026-03-30 15:46:39,683) INFO - qlib.Initialization - [__init__.py:82] - qlib successfully initialized based on client settings.
[54515:MainThread](2026-03-30 15:46:39,684) INFO - qlib.Initialization - [__init__.py:84] - data_path={'__DEFAULT_FREQ': PosixPath('/Users/syk/.qlib/qlib_data/cn_data')}
/Users/syk/miniconda3/lib/python3.12/site-packages/mlflow/tracking/_tracking_service/utils.py:184: FutureWarning: The filesystem tracking backend (e.g., './mlruns') is deprecated as of February 2026. Consider transitioning to a database backend (e.g., 'sqlite:///mlflow.db') to take advantage of the latest MLflow features. See https://mlflow.org/docs/latest/self-hosting/migrate-from-file-store for migration guidance.
  return FileStore(store_uri, store_uri)
[54515:MainThread](2026-03-30 15:46:39,707) INFO - qlib.workflow - [exp.py:258] - Experiment 706158807618320602 starts running ...
[54515:MainThread](2026-03-30 15:46:39,978) INFO - qlib.workflow - [recorder.py:345] - Recorder 11db7eea041d4b139eddf9d3e530e79b starts running under Experiment 706158807618320602 ...
[54515:MainThread](2026-03-30 15:46:42,322) INFO - qlib.LSTM - [pytorch_lstm.py:58] - LSTM pytorch version...
[54515:MainThread](2026-03-30 15:46:42,322) INFO - qlib.LSTM - [pytorch_lstm.py:75] - LSTM parameters setting:
d_feat : 6
hidden_size : 64
num_layers : 2
dropout : 0.0
n_epochs : 200
lr : 0.001
metric : loss
batch_size : 800
early_stop : 20
optimizer : adam
loss_type : mse
visible_GPU : 0
use_GPU : False
seed : None
ModuleNotFoundError. CatBoostModel are skipped. (optional: maybe installing CatBoostModel can fix it.)
ModuleNotFoundError. XGBModel is skipped(optional: maybe installing xgboost can fix it).
[54515:MainThread](2026-03-30 15:48:44,467) INFO - qlib.timer - [log.py:127] - Time cost: 121.062s | Loading data Done
[54515:MainThread](2026-03-30 15:49:02,666) INFO - qlib.timer - [log.py:127] - Time cost: 15.393s | RobustZScoreNorm Done
[54515:MainThread](2026-03-30 15:49:04,554) INFO - qlib.timer - [log.py:127] - Time cost: 1.886s | Fillna Done
[54515:MainThread](2026-03-30 15:49:07,183) INFO - qlib.timer - [log.py:127] - Time cost: 0.776s | DropnaLabel Done
/Users/syk/Desktop/git_repo/qlib/qlib/data/dataset/processor.py:358: SettingWithCopyWarning: 
A value is trying to be set on a copy of a slice from a DataFrame.
Try using .loc[row_indexer,col_indexer] = value instead

See the caveats in the documentation: https://pandas.pydata.org/pandas-docs/stable/user_guide/indexing.html#returning-a-view-versus-a-copy
  df[cols] = t
[54515:MainThread](2026-03-30 15:49:07,420) INFO - qlib.timer - [log.py:127] - Time cost: 0.236s | CSRankNorm Done
[54515:MainThread](2026-03-30 15:49:07,453) INFO - qlib.timer - [log.py:127] - Time cost: 22.985s | fit & process data Done
[54515:MainThread](2026-03-30 15:49:07,453) INFO - qlib.timer - [log.py:127] - Time cost: 144.051s | Init data Done
[54515:MainThread](2026-03-30 15:49:07,462) WARNING - qlib.utils - [__init__.py:849] - The parameter `reweighter` with value `None` is ignored.
[54515:MainThread](2026-03-30 15:49:13,371) INFO - qlib.LSTM - [pytorch_lstm.py:230] - training...
[54515:MainThread](2026-03-30 15:49:13,371) INFO - qlib.LSTM - [pytorch_lstm.py:234] - Epoch0:
[54515:MainThread](2026-03-30 15:49:13,383) INFO - qlib.LSTM - [pytorch_lstm.py:235] - training...
/Users/syk/miniconda3/lib/python3.12/site-packages/joblib/externals/loky/backend/resource_tracker.py:359: UserWarning: resource_tracker: There appear to be 2 leaked folder objects to clean up at shutdown
  warnings.warn(
/Users/syk/miniconda3/lib/python3.12/site-packages/joblib/externals/loky/backend/resource_tracker.py:375: UserWarning: resource_tracker: /var/folders/rd/zbbcj81d5tbb7vkmqbzrjjw40000gn/T/joblib_memmapping_folder_54515_f63ea9f74f3645d5936c31a1b9dfa468_7d64f11a208e4366916a1b363cf6f9f2: FileNotFoundError(2, 'No such file or directory')
  warnings.warn(f"resource_tracker: {name}: {e!r}")
/Users/syk/miniconda3/lib/python3.12/site-packages/joblib/externals/loky/backend/resource_tracker.py:375: UserWarning: resource_tracker: /var/folders/rd/zbbcj81d5tbb7vkmqbzrjjw40000gn/T/joblib_memmapping_folder_54515_5f5fe9fd2f964f4b9eb5980d56bc344f_e73ade8f9a0e4e5da2feba4ff27a0d62: FileNotFoundError(2, 'No such file or directory')
  warnings.warn(f"resource_tracker: {name}: {e!r}")
/Users/syk/miniconda3/lib/python3.12/multiprocessing/resource_tracker.py:254: UserWarning: resource_tracker: There appear to be 4 leaked semaphore objects to clean up at shutdown
  warnings.warn('resource_tracker: There appear to be %d '
