[39480:MainThread](2026-03-30 14:42:58,256) INFO - qlib.qrun - [run.py:78] - Render the template with the context: {}
[39480:MainThread](2026-03-30 14:42:58,265) INFO - qlib.Initialization - [config.py:453] - default_conf: client.
[39480:MainThread](2026-03-30 14:42:58,269) INFO - qlib.Initialization - [__init__.py:82] - qlib successfully initialized based on client settings.
[39480:MainThread](2026-03-30 14:42:58,269) INFO - qlib.Initialization - [__init__.py:84] - data_path={'__DEFAULT_FREQ': PosixPath('/Users/syk/.qlib/qlib_data/cn_data')}
/Users/syk/miniconda3/lib/python3.12/site-packages/mlflow/tracking/_tracking_service/utils.py:184: FutureWarning: The filesystem tracking backend (e.g., './mlruns') is deprecated as of February 2026. Consider transitioning to a database backend (e.g., 'sqlite:///mlflow.db') to take advantage of the latest MLflow features. See https://mlflow.org/docs/latest/self-hosting/migrate-from-file-store for migration guidance.
  return FileStore(store_uri, store_uri)
[39480:MainThread](2026-03-30 14:42:58,288) INFO - qlib.workflow - [exp.py:258] - Experiment 706158807618320602 starts running ...
[39480:MainThread](2026-03-30 14:42:58,533) INFO - qlib.workflow - [recorder.py:345] - Recorder 8019b4aa7d96492bb59731447ec34531 starts running under Experiment 706158807618320602 ...
[39480:MainThread](2026-03-30 14:43:02,448) INFO - qlib.LSTM - [pytorch_lstm.py:58] - LSTM pytorch version...
[39480:MainThread](2026-03-30 14:43:02,448) INFO - qlib.LSTM - [pytorch_lstm.py:75] - LSTM parameters setting:
d_feat : 6
hidden_size : 64
num_layers : 2
dropout : 0.0
n_epochs : 200
lr : 0.001
metric : loss
batch_size : 800
early_stop : 20
optimizer : adam
loss_type : mse
visible_GPU : -1
use_GPU : False
seed : None
ModuleNotFoundError. CatBoostModel are skipped. (optional: maybe installing CatBoostModel can fix it.)
ModuleNotFoundError. XGBModel is skipped(optional: maybe installing xgboost can fix it).
/Users/syk/miniconda3/lib/python3.12/site-packages/joblib/externals/loky/backend/resource_tracker.py:359: UserWarning: resource_tracker: There appear to be 1 leaked folder objects to clean up at shutdown
  warnings.warn(
/Users/syk/miniconda3/lib/python3.12/site-packages/joblib/externals/loky/backend/resource_tracker.py:375: UserWarning: resource_tracker: /var/folders/rd/zbbcj81d5tbb7vkmqbzrjjw40000gn/T/joblib_memmapping_folder_39480_5e56c00193b44625a73da17aa3d8331f_f7fd22c754034509853286eae7d0eb92: FileNotFoundError(2, 'No such file or directory')
  warnings.warn(f"resource_tracker: {name}: {e!r}")
/Users/syk/miniconda3/lib/python3.12/multiprocessing/resource_tracker.py:254: UserWarning: resource_tracker: There appear to be 4 leaked semaphore objects to clean up at shutdown
  warnings.warn('resource_tracker: There appear to be %d '
