[92642:MainThread](2026-03-30 10:44:28,741) INFO - qlib.qrun - [run.py:78] - Render the template with the context: {}
[92642:MainThread](2026-03-30 10:44:28,751) INFO - qlib.Initialization - [config.py:453] - default_conf: client.
[92642:MainThread](2026-03-30 10:44:28,754) INFO - qlib.Initialization - [__init__.py:82] - qlib successfully initialized based on client settings.
[92642:MainThread](2026-03-30 10:44:28,754) INFO - qlib.Initialization - [__init__.py:84] - data_path={'__DEFAULT_FREQ': PosixPath('/Users/syk/.qlib/qlib_data/cn_data')}
/Users/syk/miniconda3/lib/python3.12/site-packages/mlflow/tracking/_tracking_service/utils.py:184: FutureWarning: The filesystem tracking backend (e.g., './mlruns') is deprecated as of February 2026. Consider transitioning to a database backend (e.g., 'sqlite:///mlflow.db') to take advantage of the latest MLflow features. See https://mlflow.org/docs/latest/self-hosting/migrate-from-file-store for migration guidance.
  return FileStore(store_uri, store_uri)
[92642:MainThread](2026-03-30 10:44:28,771) INFO - qlib.workflow - [exp.py:258] - Experiment 706158807618320602 starts running ...
[92642:MainThread](2026-03-30 10:44:29,018) INFO - qlib.workflow - [recorder.py:345] - Recorder a1d53c451f4b4dfeab999bdc2e79db08 starts running under Experiment 706158807618320602 ...
[92642:MainThread](2026-03-30 10:44:31,548) INFO - qlib.LSTM - [pytorch_lstm.py:58] - LSTM pytorch version...
[92642:MainThread](2026-03-30 10:44:31,549) INFO - qlib.LSTM - [pytorch_lstm.py:75] - LSTM parameters setting:
d_feat : 6
hidden_size : 64
num_layers : 2
dropout : 0.0
n_epochs : 200
lr : 0.001
metric : loss
batch_size : 800
early_stop : 20
optimizer : adam
loss_type : mse
visible_GPU : -1
use_GPU : False
seed : None
ModuleNotFoundError. CatBoostModel are skipped. (optional: maybe installing CatBoostModel can fix it.)
ModuleNotFoundError. XGBModel is skipped(optional: maybe installing xgboost can fix it).
[92642:MainThread](2026-03-30 10:46:19,443) INFO - qlib.timer - [log.py:127] - Time cost: 106.923s | Loading data Done
[92642:MainThread](2026-03-30 10:46:37,504) INFO - qlib.timer - [log.py:127] - Time cost: 14.911s | RobustZScoreNorm Done
[92642:MainThread](2026-03-30 10:46:39,313) INFO - qlib.timer - [log.py:127] - Time cost: 1.808s | Fillna Done
[92642:MainThread](2026-03-30 10:46:41,951) INFO - qlib.timer - [log.py:127] - Time cost: 0.767s | DropnaLabel Done
/Users/syk/Desktop/git_repo/qlib/qlib/data/dataset/processor.py:358: SettingWithCopyWarning: 
A value is trying to be set on a copy of a slice from a DataFrame.
Try using .loc[row_indexer,col_indexer] = value instead

See the caveats in the documentation: https://pandas.pydata.org/pandas-docs/stable/user_guide/indexing.html#returning-a-view-versus-a-copy
  df[cols] = t
[92642:MainThread](2026-03-30 10:46:42,194) INFO - qlib.timer - [log.py:127] - Time cost: 0.243s | CSRankNorm Done
[92642:MainThread](2026-03-30 10:46:42,227) INFO - qlib.timer - [log.py:127] - Time cost: 22.783s | fit & process data Done
[92642:MainThread](2026-03-30 10:46:42,227) INFO - qlib.timer - [log.py:127] - Time cost: 129.709s | Init data Done
[92642:MainThread](2026-03-30 10:46:42,235) WARNING - qlib.utils - [__init__.py:849] - The parameter `reweighter` with value `None` is ignored.
[92642:MainThread](2026-03-30 10:46:46,170) INFO - qlib.LSTM - [pytorch_lstm.py:230] - training...
[92642:MainThread](2026-03-30 10:46:46,171) INFO - qlib.LSTM - [pytorch_lstm.py:234] - Epoch0:
[92642:MainThread](2026-03-30 10:46:46,173) INFO - qlib.LSTM - [pytorch_lstm.py:235] - training...
/Users/syk/miniconda3/lib/python3.12/site-packages/joblib/externals/loky/backend/resource_tracker.py:359: UserWarning: resource_tracker: There appear to be 2 leaked folder objects to clean up at shutdown
  warnings.warn(
/Users/syk/miniconda3/lib/python3.12/multiprocessing/resource_tracker.py:254: UserWarning: resource_tracker: There appear to be 4 leaked semaphore objects to clean up at shutdown
  warnings.warn('resource_tracker: There appear to be %d '
/Users/syk/miniconda3/lib/python3.12/site-packages/joblib/externals/loky/backend/resource_tracker.py:375: UserWarning: resource_tracker: /var/folders/rd/zbbcj81d5tbb7vkmqbzrjjw40000gn/T/joblib_memmapping_folder_92642_b90e3729964c42679030f324bd42bb9d_a47401268a1a4a01bf90a05c4879e2e2: FileNotFoundError(2, 'No such file or directory')
  warnings.warn(f"resource_tracker: {name}: {e!r}")
/Users/syk/miniconda3/lib/python3.12/site-packages/joblib/externals/loky/backend/resource_tracker.py:375: UserWarning: resource_tracker: /var/folders/rd/zbbcj81d5tbb7vkmqbzrjjw40000gn/T/joblib_memmapping_folder_92642_b90f3c4fff894008a4272da6909baf19_a35cd0442b61482abbf930f7280bf192: FileNotFoundError(2, 'No such file or directory')
  warnings.warn(f"resource_tracker: {name}: {e!r}")
