[26623:MainThread](2026-03-31 10:58:42,373) INFO - qlib.qrun - [run.py:78] - Render the template with the context: {}
[26623:MainThread](2026-03-31 10:58:42,383) INFO - qlib.Initialization - [config.py:453] - default_conf: client.
[26623:MainThread](2026-03-31 10:58:42,386) INFO - qlib.Initialization - [__init__.py:82] - qlib successfully initialized based on client settings.
[26623:MainThread](2026-03-31 10:58:42,386) INFO - qlib.Initialization - [__init__.py:84] - data_path={'__DEFAULT_FREQ': PosixPath('/Users/syk/.qlib/qlib_data/cn_data')}
/Users/syk/miniconda3/lib/python3.12/site-packages/mlflow/tracking/_tracking_service/utils.py:184: FutureWarning: The filesystem tracking backend (e.g., './mlruns') is deprecated as of February 2026. Consider transitioning to a database backend (e.g., 'sqlite:///mlflow.db') to take advantage of the latest MLflow features. See https://mlflow.org/docs/latest/self-hosting/migrate-from-file-store for migration guidance.
  return FileStore(store_uri, store_uri)
[26623:MainThread](2026-03-31 10:58:42,404) INFO - qlib.workflow - [exp.py:258] - Experiment 706158807618320602 starts running ...
[26623:MainThread](2026-03-31 10:58:42,670) INFO - qlib.workflow - [recorder.py:345] - Recorder fb280b1efac549d19cb1529afa60c023 starts running under Experiment 706158807618320602 ...
[26623:MainThread](2026-03-31 10:58:45,918) INFO - qlib.TCTS - [pytorch_tcts.py:65] - TCTS pytorch version...
[26623:MainThread](2026-03-31 10:58:45,919) INFO - qlib.TCTS - [pytorch_tcts.py:90] - TCTS parameters setting:
d_feat : 6
hidden_size : 64
num_layers : 2
dropout : 0.3
n_epochs : 200
batch_size : 800
early_stop : 20
target_label : 0
mode : soft
loss_type : mse
visible_GPU : -1
use_GPU : False
seed : None
ModuleNotFoundError. CatBoostModel are skipped. (optional: maybe installing CatBoostModel can fix it.)
ModuleNotFoundError. XGBModel is skipped(optional: maybe installing xgboost can fix it).
[26623:MainThread](2026-03-31 11:00:55,840) INFO - qlib.timer - [log.py:127] - Time cost: 129.915s | Loading data Done
[26623:MainThread](2026-03-31 11:01:12,841) INFO - qlib.timer - [log.py:127] - Time cost: 14.083s | RobustZScoreNorm Done
[26623:MainThread](2026-03-31 11:01:14,887) INFO - qlib.timer - [log.py:127] - Time cost: 2.045s | Fillna Done
[26623:MainThread](2026-03-31 11:01:17,636) INFO - qlib.timer - [log.py:127] - Time cost: 0.744s | DropnaLabel Done
/Users/syk/Desktop/git_repo/qlib/qlib/data/dataset/processor.py:358: SettingWithCopyWarning: 
A value is trying to be set on a copy of a slice from a DataFrame.
Try using .loc[row_indexer,col_indexer] = value instead

See the caveats in the documentation: https://pandas.pydata.org/pandas-docs/stable/user_guide/indexing.html#returning-a-view-versus-a-copy
  df[cols] = t
[26623:MainThread](2026-03-31 11:01:18,503) INFO - qlib.timer - [log.py:127] - Time cost: 0.860s | CSRankNorm Done
[26623:MainThread](2026-03-31 11:01:18,556) INFO - qlib.timer - [log.py:127] - Time cost: 22.715s | fit & process data Done
[26623:MainThread](2026-03-31 11:01:18,557) INFO - qlib.timer - [log.py:127] - Time cost: 152.634s | Init data Done
[26623:MainThread](2026-03-31 11:01:18,565) WARNING - qlib.utils - [__init__.py:849] - The parameter `reweighter` with value `None` is ignored.
/Users/syk/miniconda3/lib/python3.12/site-packages/joblib/externals/loky/backend/resource_tracker.py:359: UserWarning: resource_tracker: There appear to be 2 leaked folder objects to clean up at shutdown
  warnings.warn(
/Users/syk/miniconda3/lib/python3.12/multiprocessing/resource_tracker.py:254: UserWarning: resource_tracker: There appear to be 4 leaked semaphore objects to clean up at shutdown
  warnings.warn('resource_tracker: There appear to be %d '
/Users/syk/miniconda3/lib/python3.12/site-packages/joblib/externals/loky/backend/resource_tracker.py:375: UserWarning: resource_tracker: /var/folders/rd/zbbcj81d5tbb7vkmqbzrjjw40000gn/T/joblib_memmapping_folder_26623_4c4beb4fb8884758a7e382893ff1369b_c0b560ce3f02478abb84dd28e370d447: FileNotFoundError(2, 'No such file or directory')
  warnings.warn(f"resource_tracker: {name}: {e!r}")
/Users/syk/miniconda3/lib/python3.12/site-packages/joblib/externals/loky/backend/resource_tracker.py:375: UserWarning: resource_tracker: /var/folders/rd/zbbcj81d5tbb7vkmqbzrjjw40000gn/T/joblib_memmapping_folder_26623_bb93fd995cd94b6dac79dbd60766932a_1ee7212d4783434ca8ed9a9c5db858b8: FileNotFoundError(2, 'No such file or directory')
  warnings.warn(f"resource_tracker: {name}: {e!r}")
